Copyright 1986-2022 Xilinx, Inc. All Rights Reserved. Copyright 2022-2023 Advanced Micro Devices, Inc. All Rights Reserved.
-------------------------------------------------------------------------------------------------------------------------------------------------
| Tool Version     : Vivado v.2023.2 (win64) Build 4029153 Fri Oct 13 20:14:34 MDT 2023
| Date             : Thu Dec 21 18:21:23 2023
| Host             : DESKTOP-9RHCRMG running 64-bit major release  (build 9200)
| Command          : report_power -file AESBoard_power_routed.rpt -pb AESBoard_power_summary_routed.pb -rpx AESBoard_power_routed.rpx
| Design           : AESBoard
| Device           : xc7a35tcpg236-1
| Design State     : routed
| Grade            : commercial
| Process          : typical
| Characterization : Production
-------------------------------------------------------------------------------------------------------------------------------------------------

Power Report

Table of Contents
-----------------
1. Summary
1.1 On-Chip Components
1.2 Power Supply Summary
1.3 Confidence Level
2. Settings
2.1 Environment
2.2 Clock Constraints
3. Detailed Reports
3.1 By Hierarchy

1. Summary
----------

+--------------------------+--------------+
| Total On-Chip Power (W)  | 10.533       |
| Design Power Budget (W)  | Unspecified* |
| Power Budget Margin (W)  | NA           |
| Dynamic (W)              | 10.385       |
| Device Static (W)        | 0.148        |
| Effective TJA (C/W)      | 5.0          |
| Max Ambient (C)          | 32.3         |
| Junction Temperature (C) | 77.7         |
| Confidence Level         | Low          |
| Setting File             | ---          |
| Simulation Activity File | ---          |
| Design Nets Matched      | NA           |
+--------------------------+--------------+
* Specify Design Power Budget using, set_operating_conditions -design_power_budget <value in Watts>


1.1 On-Chip Components
----------------------

+----------------+-----------+----------+-----------+-----------------+
| On-Chip        | Power (W) | Used     | Available | Utilization (%) |
+----------------+-----------+----------+-----------+-----------------+
| Slice Logic    |     3.221 |     2551 |       --- |             --- |
|   LUT as Logic |     3.010 |     1078 |     20800 |            5.18 |
|   F7/F8 Muxes  |     0.178 |      384 |     32600 |            1.18 |
|   BUFG         |     0.012 |        7 |        32 |           21.88 |
|   CARRY4       |     0.012 |       16 |      8150 |            0.20 |
|   Register     |     0.009 |      976 |     41600 |            2.35 |
|   Others       |     0.000 |        8 |       --- |             --- |
| Signals        |     3.049 |     1556 |       --- |             --- |
| I/O            |     4.115 |       16 |       106 |           15.09 |
| Static Power   |     0.148 |          |           |                 |
| Total          |    10.533 |          |           |                 |
+----------------+-----------+----------+-----------+-----------------+


1.2 Power Supply Summary
------------------------

+-----------+-------------+-----------+-------------+------------+-------------+-------------+------------+
| Source    | Voltage (V) | Total (A) | Dynamic (A) | Static (A) | Powerup (A) | Budget (A)  | Margin (A) |
+-----------+-------------+-----------+-------------+------------+-------------+-------------+------------+
| Vccint    |       1.000 |     6.350 |       6.278 |      0.072 |       NA    | Unspecified | NA         |
| Vccaux    |       1.800 |     0.170 |       0.150 |      0.020 |       NA    | Unspecified | NA         |
| Vcco33    |       3.300 |     1.163 |       1.162 |      0.001 |       NA    | Unspecified | NA         |
| Vcco25    |       2.500 |     0.000 |       0.000 |      0.000 |       NA    | Unspecified | NA         |
| Vcco18    |       1.800 |     0.000 |       0.000 |      0.000 |       NA    | Unspecified | NA         |
| Vcco15    |       1.500 |     0.000 |       0.000 |      0.000 |       NA    | Unspecified | NA         |
| Vcco135   |       1.350 |     0.000 |       0.000 |      0.000 |       NA    | Unspecified | NA         |
| Vcco12    |       1.200 |     0.000 |       0.000 |      0.000 |       NA    | Unspecified | NA         |
| Vccaux_io |       1.800 |     0.000 |       0.000 |      0.000 |       NA    | Unspecified | NA         |
| Vccbram   |       1.000 |     0.002 |       0.000 |      0.002 |       NA    | Unspecified | NA         |
| MGTAVcc   |       1.000 |     0.000 |       0.000 |      0.000 |       NA    | Unspecified | NA         |
| MGTAVtt   |       1.200 |     0.000 |       0.000 |      0.000 |       NA    | Unspecified | NA         |
| Vccadc    |       1.800 |     0.020 |       0.000 |      0.020 |       NA    | Unspecified | NA         |
+-----------+-------------+-----------+-------------+------------+-------------+-------------+------------+


1.3 Confidence Level
--------------------

+-----------------------------+------------+--------------------------------------------------------+--------------------------------------------------------------------------------------------------------------------+
| User Input Data             | Confidence | Details                                                | Action                                                                                                             |
+-----------------------------+------------+--------------------------------------------------------+--------------------------------------------------------------------------------------------------------------------+
| Design implementation state | High       | Design is routed                                       |                                                                                                                    |
| Clock nodes activity        | Low        | User specified less than 75% of clocks                 | Provide missing clock activity with a constraint file, simulation results or by editing the "By Clock Domain" view |
| I/O nodes activity          | Low        | More than 75% of inputs are missing user specification | Provide missing input activity with simulation results or by editing the "By Resource Type -> I/Os" view           |
| Internal nodes activity     | Medium     | User specified less than 25% of internal nodes         | Provide missing internal nodes activity with simulation results or by editing the "By Resource Type" views         |
| Device models               | High       | Device models are Production                           |                                                                                                                    |
|                             |            |                                                        |                                                                                                                    |
| Overall confidence level    | Low        |                                                        |                                                                                                                    |
+-----------------------------+------------+--------------------------------------------------------+--------------------------------------------------------------------------------------------------------------------+


2. Settings
-----------

2.1 Environment
---------------

+-----------------------+--------------------------+
| Ambient Temp (C)      | 25.0                     |
| ThetaJA (C/W)         | 5.0                      |
| Airflow (LFM)         | 250                      |
| Heat Sink             | medium (Medium Profile)  |
| ThetaSA (C/W)         | 4.6                      |
| Board Selection       | medium (10"x10")         |
| # of Board Layers     | 12to15 (12 to 15 Layers) |
| Board Temperature (C) | 25.0                     |
+-----------------------+--------------------------+


2.2 Clock Constraints
---------------------

+-------+--------+-----------------+
| Clock | Domain | Constraint (ns) |
+-------+--------+-----------------+


3. Detailed Reports
-------------------

3.1 By Hierarchy
----------------

+------------------------------------+-----------+
| Name                               | Power (W) |
+------------------------------------+-----------+
| AESBoard                           |    10.385 |
|   compare                          |     0.053 |
|   segment                          |     0.081 |
|     uu1                            |     0.081 |
|   sub                              |     1.349 |
|     box_gen[0].box_row_one.box1    |     0.084 |
|     box_gen[10].box_row_three.box3 |     0.084 |
|     box_gen[11].box_row_three.box3 |     0.083 |
|     box_gen[12].box_row_four.box4  |     0.084 |
|     box_gen[13].box_row_four.box4  |     0.085 |
|     box_gen[14].box_row_four.box4  |     0.080 |
|     box_gen[15].box_row_four.box4  |     0.087 |
|     box_gen[1].box_row_one.box1    |     0.084 |
|     box_gen[2].box_row_one.box1    |     0.083 |
|     box_gen[3].box_row_one.box1    |     0.087 |
|     box_gen[4].box_row_two.box2    |     0.079 |
|     box_gen[5].box_row_two.box2    |     0.083 |
|     box_gen[6].box_row_two.box2    |     0.088 |
|     box_gen[7].box_row_two.box2    |     0.083 |
|     box_gen[8].box_row_three.box3  |     0.087 |
|     box_gen[9].box_row_three.box3  |     0.087 |
+------------------------------------+-----------+


