Copyright 1986-2022 Xilinx, Inc. All Rights Reserved. Copyright 2022-2023 Advanced Micro Devices, Inc. All Rights Reserved.
---------------------------------------------------------------------------------------------------------------------------------------------
| Tool Version : Vivado v.2023.2 (win64) Build 4029153 Fri Oct 13 20:14:34 MDT 2023
| Date         : Fri Dec 22 15:03:30 2023
| Host         : DESKTOP-9RHCRMG running 64-bit major release  (build 9200)
| Command      : report_drc -file AESBoard_drc_routed.rpt -pb AESBoard_drc_routed.pb -rpx AESBoard_drc_routed.rpx
| Design       : AESBoard
| Device       : xc7a35tcpg236-1
| Speed File   : -1
| Design State : Fully Routed
---------------------------------------------------------------------------------------------------------------------------------------------

Report DRC

Table of Contents
-----------------
1. REPORT SUMMARY
2. REPORT DETAILS

1. REPORT SUMMARY
-----------------
            Netlist: netlist
          Floorplan: design_1
      Design limits: <entire design considered>
           Ruledeck: default
             Max violations: <unlimited>
             Violations found: 2
+----------+----------+-------------------+------------+
| Rule     | Severity | Description       | Violations |
+----------+----------+-------------------+------------+
| PDRC-153 | Warning  | Gated clock check | 2          |
+----------+----------+-------------------+------------+

2. REPORT DETAILS
-----------------
PDRC-153#1 Warning
Gated clock check  
Net led0_reg_i_1_n_0 is a gated clock net sourced by a combinational pin led0_reg_i_1/O, cell led0_reg_i_1. This is not good design practice and will likely impact performance. For SLICE registers, for example, use the CE pin to control the loading of data.
Related violations: <none>

PDRC-153#2 Warning
Gated clock check  
Net start_reg_i_2_n_0 is a gated clock net sourced by a combinational pin start_reg_i_2/O, cell start_reg_i_2. This is not good design practice and will likely impact performance. For SLICE registers, for example, use the CE pin to control the loading of data.
Related violations: <none>


