Vivado Simulator v2023.2
Copyright 1986-2022 Xilinx, Inc. All Rights Reserved.
Copyright 2022-2023 Advanced Micro Devices, Inc. All Rights Reserved.
Running: C:/Xilinx/Vivado/2023.2/bin/unwrapped/win64.o/xelab.exe --incr --debug typical --relax --mt 2 -L xil_defaultlib -L secureip --snapshot AESBoard_tb_behav xil_defaultlib.AESBoard_tb -log elaborate.log 
Using 2 slave threads.
Starting static elaboration
Completed static elaboration
Starting simulation data flow analysis
Completed simulation data flow analysis
Time Resolution for simulation is 1ps
Compiling package std.standard
Compiling package std.textio
Compiling package ieee.std_logic_1164
Compiling package ieee.numeric_std
Compiling package xil_defaultlib.matpack
Compiling package ieee.math_real
Compiling package ieee.std_logic_arith
Compiling package ieee.std_logic_unsigned
Compiling architecture arch of entity xil_defaultlib.VectorToMatrix [vectortomatrix_default]
Compiling architecture arch of entity xil_defaultlib.MatrixToVector [matrixtovector_default]
Compiling architecture behavioral of entity xil_defaultlib.S_box [s_box_default]
Compiling architecture arch of entity xil_defaultlib.SubBytes [subbytes_default]
Compiling architecture arch of entity xil_defaultlib.ShiftRows [shiftrows_default]
Compiling architecture behavioral of entity xil_defaultlib.LUT_mul2 [lut_mul2_default]
Compiling architecture behavioral of entity xil_defaultlib.LUT_mul3 [lut_mul3_default]
Compiling architecture arch of entity xil_defaultlib.MixColumns [mixcolumns_default]
Compiling architecture arch of entity xil_defaultlib.AddRoundKey [addroundkey_default]
Compiling architecture arch of entity xil_defaultlib.Anode [anode_default]
Compiling architecture arch of entity xil_defaultlib.Decoder [decoder_default]
Compiling architecture arch of entity xil_defaultlib.SegmentMaster [segmentmaster_default]
Compiling architecture arch of entity xil_defaultlib.AESBoard [aesboard_default]
Compiling architecture ben of entity xil_defaultlib.aesboard_tb
Built simulation snapshot AESBoard_tb_behav
